2021-01-24 00:08:08,421 [1] INFO CarRental.MvcApplication - Application started
2021-01-24 00:08:08,881 [9] DEBUG CarRental.Controllers.WorkerController - User not login as a worker
2021-01-24 00:08:09,007 [9] DEBUG CarRental.Controllers.LoginController - Login page for worker accessed
2021-01-24 00:08:25,065 [9] DEBUG CarRental.Controllers.LoginController - Worker log in
2021-01-24 00:08:25,071 [11] DEBUG CarRental.Controllers.HomeController - Home page accessed
2021-01-24 00:08:34,290 [9] DEBUG CarRental.Controllers.WorkerController - Show page accessed
2021-01-24 00:08:36,927 [11] DEBUG CarRental.Controllers.WorkerController - Adding worker page accessed
2021-01-24 00:14:31,144 [1] INFO CarRental.MvcApplication - Application started
2021-01-24 00:14:32,616 [6] DEBUG CarRental.Controllers.WorkerController - User not login as a worker
2021-01-24 00:14:32,713 [6] DEBUG CarRental.Controllers.LoginController - Login page for worker accessed
2021-01-24 00:14:42,941 [8] DEBUG CarRental.Controllers.LoginController - Worker log in
2021-01-24 00:14:42,948 [7] DEBUG CarRental.Controllers.HomeController - Home page accessed
2021-01-24 00:14:45,491 [6] DEBUG CarRental.Controllers.WorkerController - Show page accessed
2021-01-24 00:14:46,759 [8] DEBUG CarRental.Controllers.WorkerController - Adding worker page accessed
2021-01-24 00:18:49,965 [1] INFO CarRental.MvcApplication - Application started
2021-01-24 00:18:50,571 [6] DEBUG CarRental.Controllers.WorkerController - User not login as a worker
2021-01-24 00:18:50,723 [6] DEBUG CarRental.Controllers.LoginController - Login page for worker accessed
2021-01-24 00:19:06,217 [6] DEBUG CarRental.Controllers.LoginController - Worker log in
2021-01-24 00:19:06,224 [8] DEBUG CarRental.Controllers.HomeController - Home page accessed
2021-01-24 00:19:09,698 [6] DEBUG CarRental.Controllers.WorkerController - Show page accessed
2021-01-24 00:19:10,783 [9] DEBUG CarRental.Controllers.WorkerController - Adding worker page accessed
2021-01-24 00:19:24,707 [6] DEBUG CarRental.Controllers.RentController - Show rents page accessed
2021-01-24 00:19:26,472 [7] DEBUG CarRental.Controllers.RentController - Adding rent page accessed
2021-01-24 00:20:32,862 [7] DEBUG CarRental.Controllers.WorkerController - Adding worker page accessed
2021-01-24 00:21:05,293 [7] DEBUG CarRental.Controllers.WorkerController - Adding worker page accessed
2021-01-24 00:21:42,398 [6] DEBUG CarRental.Controllers.RentController - Adding rent page accessed
2021-01-24 00:23:09,423 [7] DEBUG CarRental.Controllers.RentController - Adding rent page accessed
2021-01-24 00:23:43,701 [6] DEBUG CarRental.Controllers.RentController - Adding rent page accessed
2021-01-24 00:23:47,453 [7] DEBUG CarRental.Controllers.CarController - Show car page for worker accessed
2021-01-24 00:23:50,774 [7] DEBUG CarRental.Controllers.CarController - Show select cars page accessed
2021-01-24 00:24:02,358 [6] DEBUG CarRental.Controllers.WorkerController - Adding worker page accessed
2021-01-24 00:24:38,225 [6] DEBUG CarRental.Controllers.LoginController - Logout
2021-01-24 00:24:38,230 [8] DEBUG CarRental.Controllers.HomeController - Home page accessed
